2016-10-05 18:11:32,132 INFO daemonizing the supervisord process
2016-10-05 18:11:32,133 INFO supervisord started with pid 247304
2016-10-05 18:11:33,135 INFO spawned: '%(process_num)s' with pid 247321
2016-10-05 18:11:34,552 INFO success: %(process_num)s entered RUNNING state, process has stayed up for > than 1 seconds (startsecs)
2016-10-05 18:12:30,531 WARN received SIGTERM indicating exit request
2016-10-05 18:12:30,532 INFO waiting for %(process_num)s to die
2016-10-05 18:12:30,950 INFO stopped: %(process_num)s (exit status 0)
2016-10-05 18:26:03,969 INFO daemonizing the supervisord process
2016-10-05 18:26:03,970 INFO supervisord started with pid 8504
2016-10-05 18:26:04,973 INFO spawned: '%(process_num)s' with pid 8508
2016-10-05 18:26:06,040 INFO success: %(process_num)s entered RUNNING state, process has stayed up for > than 1 seconds (startsecs)
2016-10-05 18:27:02,409 WARN received SIGTERM indicating exit request
2016-10-05 18:27:02,410 INFO waiting for %(process_num)s to die
2016-10-05 18:27:02,441 INFO stopped: %(process_num)s (exit status 0)
2016-10-05 18:27:29,613 INFO daemonizing the supervisord process
2016-10-05 18:27:29,615 INFO supervisord started with pid 10467
2016-10-05 18:27:30,619 INFO spawned: '%(process_num)s' with pid 10471
2016-10-05 18:27:31,651 INFO success: %(process_num)s entered RUNNING state, process has stayed up for > than 1 seconds (startsecs)
2016-10-05 18:30:16,758 WARN received SIGTERM indicating exit request
2016-10-05 18:30:16,777 INFO waiting for %(process_num)s to die
2016-10-05 18:30:16,824 INFO stopped: %(process_num)s (exit status 0)
2016-10-05 18:30:39,194 INFO daemonizing the supervisord process
2016-10-05 18:30:39,195 INFO supervisord started with pid 15337
2016-10-05 18:30:40,198 INFO spawned: '%(process_num)s' with pid 15341
2016-10-05 18:30:41,243 INFO success: %(process_num)s entered RUNNING state, process has stayed up for > than 1 seconds (startsecs)
2016-10-05 19:18:42,240 INFO daemonizing the supervisord process
2016-10-05 19:18:42,241 INFO supervisord started with pid 58871
2016-10-05 19:18:43,246 INFO spawned: '%(process_num)s' with pid 58888
2016-10-05 19:18:44,649 INFO success: %(process_num)s entered RUNNING state, process has stayed up for > than 1 seconds (startsecs)
2016-10-05 19:19:07,648 INFO daemonizing the supervisord process
2016-10-05 19:19:07,649 INFO supervisord started with pid 59184
2016-10-05 19:19:08,656 INFO spawned: '%(process_num)s' with pid 59198
2016-10-05 19:19:09,658 INFO success: %(process_num)s entered RUNNING state, process has stayed up for > than 1 seconds (startsecs)
2016-10-05 19:22:47,659 INFO exited: %(process_num)s (terminated by SIGKILL; not expected)
2016-10-05 19:22:48,230 INFO spawned: '%(process_num)s' with pid 61738
2016-10-05 19:22:49,236 INFO success: %(process_num)s entered RUNNING state, process has stayed up for > than 1 seconds (startsecs)
2016-10-05 19:22:52,236 INFO exited: %(process_num)s (terminated by SIGKILL; not expected)
2016-10-05 19:22:52,639 INFO spawned: '%(process_num)s' with pid 61755
2016-10-05 19:22:53,644 INFO success: %(process_num)s entered RUNNING state, process has stayed up for > than 1 seconds (startsecs)
2016-10-05 19:22:57,223 INFO exited: %(process_num)s (terminated by SIGKILL; not expected)
2016-10-05 19:22:57,623 INFO spawned: '%(process_num)s' with pid 61775
2016-10-05 19:22:58,637 INFO success: %(process_num)s entered RUNNING state, process has stayed up for > than 1 seconds (startsecs)
2016-10-06 19:43:15,734 INFO daemonizing the supervisord process
2016-10-06 19:43:15,736 INFO supervisord started with pid 902085
2016-10-06 19:43:16,740 INFO spawned: '%(process_num)s' with pid 902089
2016-10-06 19:43:18,266 INFO success: %(process_num)s entered RUNNING state, process has stayed up for > than 1 seconds (startsecs)
2016-10-06 19:43:47,242 INFO daemonizing the supervisord process
2016-10-06 19:43:47,247 INFO supervisord started with pid 902356
2016-10-06 19:43:48,255 INFO spawned: '%(process_num)s' with pid 902369
2016-10-06 19:43:50,254 INFO success: %(process_num)s entered RUNNING state, process has stayed up for > than 1 seconds (startsecs)
2016-10-06 19:43:52,439 INFO daemonizing the supervisord process
2016-10-06 19:43:52,443 INFO supervisord started with pid 902407
2016-10-06 19:43:53,630 INFO spawned: '%(process_num)s' with pid 902422
2016-10-06 19:43:54,634 INFO success: %(process_num)s entered RUNNING state, process has stayed up for > than 1 seconds (startsecs)
2016-10-06 19:43:55,631 INFO daemonizing the supervisord process
2016-10-06 19:43:55,633 INFO supervisord started with pid 902437
2016-10-06 19:43:56,635 INFO spawned: '%(process_num)s' with pid 902450
2016-10-06 19:43:57,638 INFO success: %(process_num)s entered RUNNING state, process has stayed up for > than 1 seconds (startsecs)
2016-10-06 19:46:41,464 INFO daemonizing the supervisord process
2016-10-06 19:46:41,469 INFO supervisord started with pid 903833
2016-10-06 19:46:42,475 INFO spawned: '%(process_num)s' with pid 903837
2016-10-06 19:46:43,673 INFO success: %(process_num)s entered RUNNING state, process has stayed up for > than 1 seconds (startsecs)
2016-10-06 19:51:03,467 INFO exited: %(process_num)s (exit status 0; expected)
2016-10-06 19:51:04,471 INFO spawned: '%(process_num)s' with pid 904934
2016-10-06 19:51:06,028 INFO success: %(process_num)s entered RUNNING state, process has stayed up for > than 1 seconds (startsecs)
2016-10-06 19:51:36,856 INFO exited: %(process_num)s (terminated by SIGKILL; not expected)
2016-10-06 19:51:37,859 INFO spawned: '%(process_num)s' with pid 904962
2016-10-06 19:51:39,182 INFO success: %(process_num)s entered RUNNING state, process has stayed up for > than 1 seconds (startsecs)
2016-10-06 19:51:53,159 INFO exited: %(process_num)s (terminated by SIGKILL; not expected)
2016-10-06 19:51:54,161 INFO spawned: '%(process_num)s' with pid 904980
2016-10-06 19:51:55,427 INFO success: %(process_num)s entered RUNNING state, process has stayed up for > than 1 seconds (startsecs)
2016-10-06 19:51:59,705 INFO exited: %(process_num)s (terminated by SIGKILL; not expected)
2016-10-06 19:52:00,709 INFO spawned: '%(process_num)s' with pid 904991
2016-10-06 19:52:02,015 INFO success: %(process_num)s entered RUNNING state, process has stayed up for > than 1 seconds (startsecs)
2016-10-06 19:52:06,327 INFO exited: %(process_num)s (terminated by SIGKILL; not expected)
2016-10-06 19:52:07,331 INFO spawned: '%(process_num)s' with pid 905002
2016-10-06 19:52:08,757 INFO success: %(process_num)s entered RUNNING state, process has stayed up for > than 1 seconds (startsecs)
2016-10-06 19:52:16,583 INFO exited: %(process_num)s (terminated by SIGKILL; not expected)
2016-10-06 19:52:17,586 INFO spawned: '%(process_num)s' with pid 905020
2016-10-06 19:52:18,831 INFO success: %(process_num)s entered RUNNING state, process has stayed up for > than 1 seconds (startsecs)
2016-10-06 19:52:21,698 INFO exited: %(process_num)s (terminated by SIGKILL; not expected)
2016-10-06 19:52:22,826 INFO spawned: '%(process_num)s' with pid 905036
2016-10-06 19:52:24,110 INFO success: %(process_num)s entered RUNNING state, process has stayed up for > than 1 seconds (startsecs)
2016-10-06 19:52:37,280 INFO exited: %(process_num)s (terminated by SIGKILL; not expected)
2016-10-06 19:52:38,284 INFO spawned: '%(process_num)s' with pid 905053
2016-10-06 19:52:39,557 INFO success: %(process_num)s entered RUNNING state, process has stayed up for > than 1 seconds (startsecs)
2016-10-06 19:52:42,785 INFO exited: %(process_num)s (terminated by SIGKILL; not expected)
2016-10-06 19:52:43,787 INFO spawned: '%(process_num)s' with pid 905065
2016-10-06 19:52:45,048 INFO success: %(process_num)s entered RUNNING state, process has stayed up for > than 1 seconds (startsecs)
2016-10-06 19:52:48,931 INFO exited: %(process_num)s (terminated by SIGKILL; not expected)
2016-10-06 19:52:49,933 INFO spawned: '%(process_num)s' with pid 905076
2016-10-06 19:52:51,248 INFO success: %(process_num)s entered RUNNING state, process has stayed up for > than 1 seconds (startsecs)
2016-10-06 19:53:05,167 INFO exited: %(process_num)s (terminated by SIGKILL; not expected)
2016-10-06 19:53:06,170 INFO spawned: '%(process_num)s' with pid 905099
2016-10-06 19:53:07,391 INFO success: %(process_num)s entered RUNNING state, process has stayed up for > than 1 seconds (startsecs)
2016-10-06 19:53:09,537 INFO exited: %(process_num)s (terminated by SIGKILL; not expected)
2016-10-06 19:53:10,540 INFO spawned: '%(process_num)s' with pid 905111
2016-10-06 19:53:11,895 INFO success: %(process_num)s entered RUNNING state, process has stayed up for > than 1 seconds (startsecs)
2016-10-06 19:53:14,860 INFO exited: %(process_num)s (terminated by SIGKILL; not expected)
2016-10-06 19:53:15,862 INFO spawned: '%(process_num)s' with pid 905122
2016-10-06 19:53:17,232 INFO success: %(process_num)s entered RUNNING state, process has stayed up for > than 1 seconds (startsecs)
2016-10-06 19:53:31,372 INFO exited: %(process_num)s (terminated by SIGKILL; not expected)
2016-10-06 19:53:32,374 INFO spawned: '%(process_num)s' with pid 905145
2016-10-06 19:53:33,688 INFO success: %(process_num)s entered RUNNING state, process has stayed up for > than 1 seconds (startsecs)
2016-10-06 19:53:36,357 INFO exited: %(process_num)s (terminated by SIGKILL; not expected)
2016-10-06 19:53:37,360 INFO spawned: '%(process_num)s' with pid 905161
2016-10-06 19:53:38,654 INFO success: %(process_num)s entered RUNNING state, process has stayed up for > than 1 seconds (startsecs)
